<?xml version="1.0" encoding="UTF-8"?>
<!-- Generated by org.testng.reporters.JUnitXMLReporter -->
<testsuite ignored="1" hostname="DESKTOP-UJEM81M" failures="0" tests="5" name="Default test" time="3.264" errors="0" timestamp="2025-05-14T16:48:25 GMT+03:00">
  <testcase classname="firstDatabaseTest.firstDatabaseTest.AppTest" name="UpdateDatabase" time="0.015"/>
  <testcase classname="firstDatabaseTest.firstDatabaseTest.AppTest" name="FirstName" time="0.184"/>
  <testcase classname="firstDatabaseTest.firstDatabaseTest.AppTest" name="LastName" time="0.066"/>
  <testcase classname="firstDatabaseTest.firstDatabaseTest.AppTest" name="Email" time="0.058"/>
  <testcase classname="firstDatabaseTest.firstDatabaseTest.AppTest" name="Password" time="0.067"/>
  <testcase classname="firstDatabaseTest.firstDatabaseTest.AppTest" name="InsertIntoDatabase" time="0.0">
    <ignored/>
  </testcase> <!-- InsertIntoDatabase -->
</testsuite> <!-- Default test -->
