<?xml version="1.0" encoding="UTF-8"?>
<testng-results ignored="1" total="6" passed="5" failed="0" skipped="0">
  <reporter-output>
  </reporter-output>
  <suite started-at="2025-05-14T16:48:21 GMT+03:00" name="Default suite" finished-at="2025-05-14T16:48:25 GMT+03:00" duration-ms="3264">
    <groups>
    </groups>
    <test started-at="2025-05-14T16:48:21 GMT+03:00" name="Default test" finished-at="2025-05-14T16:48:25 GMT+03:00" duration-ms="3264">
      <class name="firstDatabaseTest.firstDatabaseTest.AppTest">
        <test-method is-config="true" signature="mysetup()[pri:0, instance:firstDatabaseTest.firstDatabaseTest.AppTest@3569fc08]" started-at="2025-05-14T16:48:21 GMT+03:00" name="mysetup" finished-at="2025-05-14T16:48:24 GMT+03:00" duration-ms="2836" status="PASS">
          <reporter-output>
          </reporter-output>
        </test-method> <!-- mysetup -->
        <test-method signature="UpdateDatabase()[pri:2, instance:firstDatabaseTest.firstDatabaseTest.AppTest@3569fc08]" started-at="2025-05-14T16:48:24 GMT+03:00" name="UpdateDatabase" finished-at="2025-05-14T16:48:24 GMT+03:00" duration-ms="15" status="PASS">
          <reporter-output>
          </reporter-output>
        </test-method> <!-- UpdateDatabase -->
        <test-method signature="FirstName()[pri:3, instance:firstDatabaseTest.firstDatabaseTest.AppTest@3569fc08]" started-at="2025-05-14T16:48:24 GMT+03:00" name="FirstName" finished-at="2025-05-14T16:48:24 GMT+03:00" duration-ms="184" status="PASS">
          <reporter-output>
          </reporter-output>
        </test-method> <!-- FirstName -->
        <test-method signature="LastName()[pri:3, instance:firstDatabaseTest.firstDatabaseTest.AppTest@3569fc08]" started-at="2025-05-14T16:48:24 GMT+03:00" name="LastName" finished-at="2025-05-14T16:48:25 GMT+03:00" duration-ms="66" status="PASS">
          <reporter-output>
          </reporter-output>
        </test-method> <!-- LastName -->
        <test-method signature="Email()[pri:4, instance:firstDatabaseTest.firstDatabaseTest.AppTest@3569fc08]" started-at="2025-05-14T16:48:25 GMT+03:00" name="Email" finished-at="2025-05-14T16:48:25 GMT+03:00" duration-ms="58" status="PASS">
          <reporter-output>
          </reporter-output>
        </test-method> <!-- Email -->
        <test-method signature="Password()[pri:5, instance:firstDatabaseTest.firstDatabaseTest.AppTest@3569fc08]" started-at="2025-05-14T16:48:25 GMT+03:00" name="Password" finished-at="2025-05-14T16:48:25 GMT+03:00" duration-ms="67" status="PASS">
          <reporter-output>
          </reporter-output>
        </test-method> <!-- Password -->
      </class> <!-- firstDatabaseTest.firstDatabaseTest.AppTest -->
    </test> <!-- Default test -->
  </suite> <!-- Default suite -->
</testng-results>
